2015-02-10 8:36:09 - PHP Notice:  Error: Table 'demo1uas.product_video' doesn't exist<br />Error No: 1146<br />SELECT * FROM product_video WHERE product_id = '49' ORDER BY sort_order ASC in C:\xampp\htdocs\demo1uas\system\library\db\mysqli.php on line 40
2015-02-10 8:36:09 - PHP Notice:  Trying to get property of non-object in C:\xampp\htdocs\demo1uas\system\modification\catalog\model\catalog\product.php on line 373
2015-02-10 8:36:09 - PHP Warning:  Invalid argument supplied for foreach() in C:\xampp\htdocs\demo1uas\system\modification\catalog\controller\product\product.php on line 337
2015-02-10 8:36:09 - PHP Notice:  Error: Table 'demo1uas.product_file' doesn't exist<br />Error No: 1146<br />SELECT * FROM product_file WHERE product_id = '49' ORDER BY sort_order in C:\xampp\htdocs\demo1uas\system\library\db\mysqli.php on line 40
2015-02-10 8:36:09 - PHP Notice:  Trying to get property of non-object in C:\xampp\htdocs\demo1uas\system\modification\catalog\model\catalog\product.php on line 379
2015-02-10 8:36:09 - PHP Warning:  Invalid argument supplied for foreach() in C:\xampp\htdocs\demo1uas\system\modification\catalog\controller\product\product.php on line 349
2015-02-10 8:44:48 - PHP Notice:  Error: Table 'demo1uas.product_video' doesn't exist<br />Error No: 1146<br />SELECT * FROM product_video WHERE product_id = '49' ORDER BY sort_order ASC in C:\xampp\htdocs\demo1uas\system\library\db\mysqli.php on line 40
2015-02-10 8:44:48 - PHP Notice:  Trying to get property of non-object in C:\xampp\htdocs\demo1uas\system\modification\catalog\model\catalog\product.php on line 373
2015-02-10 8:44:48 - PHP Warning:  Invalid argument supplied for foreach() in C:\xampp\htdocs\demo1uas\system\modification\catalog\controller\product\product.php on line 337
2015-02-10 8:44:48 - PHP Notice:  Error: Table 'demo1uas.product_file' doesn't exist<br />Error No: 1146<br />SELECT * FROM product_file WHERE product_id = '49' ORDER BY sort_order in C:\xampp\htdocs\demo1uas\system\library\db\mysqli.php on line 40
2015-02-10 8:44:48 - PHP Notice:  Trying to get property of non-object in C:\xampp\htdocs\demo1uas\system\modification\catalog\model\catalog\product.php on line 379
2015-02-10 8:44:48 - PHP Warning:  Invalid argument supplied for foreach() in C:\xampp\htdocs\demo1uas\system\modification\catalog\controller\product\product.php on line 349
2015-02-10 10:28:57 - PHP Notice:  Undefined variable: text_browse in C:\xampp\htdocs\demo1uas\system\modification\admin\view\template\catalog\product_form.tpl on line 189
2015-02-10 10:28:57 - PHP Notice:  Undefined variable: no_image in C:\xampp\htdocs\demo1uas\system\modification\admin\view\template\catalog\product_form.tpl on line 189
2015-02-10 10:28:57 - PHP Notice:  Undefined variable: text_clear in C:\xampp\htdocs\demo1uas\system\modification\admin\view\template\catalog\product_form.tpl on line 189
2015-02-11 5:34:59 - PHP Notice:  Indirect modification of overloaded property ControllerSaleWholesale::$data has no effect in C:\xampp\htdocs\demo1uas\admin\controller\sale\wholesale.php on line 37
2015-02-11 5:35:00 - PHP Notice:  Indirect modification of overloaded property ControllerSaleWholesale::$data has no effect in C:\xampp\htdocs\demo1uas\admin\controller\sale\wholesale.php on line 39
2015-02-11 5:35:00 - PHP Notice:  Indirect modification of overloaded property ControllerSaleWholesale::$data has no effect in C:\xampp\htdocs\demo1uas\admin\controller\sale\wholesale.php on line 45
2015-02-11 5:35:00 - PHP Notice:  Indirect modification of overloaded property ControllerSaleWholesale::$data has no effect in C:\xampp\htdocs\demo1uas\admin\controller\sale\wholesale.php on line 51
2015-02-11 5:35:00 - PHP Notice:  Indirect modification of overloaded property ControllerSaleWholesale::$data has no effect in C:\xampp\htdocs\demo1uas\admin\controller\sale\wholesale.php on line 53
2015-02-11 5:35:00 - PHP Notice:  Indirect modification of overloaded property ControllerSaleWholesale::$data has no effect in C:\xampp\htdocs\demo1uas\admin\controller\sale\wholesale.php on line 60
2015-02-11 5:35:00 - PHP Notice:  Indirect modification of overloaded property ControllerSaleWholesale::$data has no effect in C:\xampp\htdocs\demo1uas\admin\controller\sale\wholesale.php on line 67
2015-02-11 5:35:00 - PHP Notice:  Indirect modification of overloaded property ControllerSaleWholesale::$data has no effect in C:\xampp\htdocs\demo1uas\admin\controller\sale\wholesale.php on line 68
2015-02-11 5:35:00 - PHP Notice:  Indirect modification of overloaded property ControllerSaleWholesale::$data has no effect in C:\xampp\htdocs\demo1uas\admin\controller\sale\wholesale.php on line 69
2015-02-11 5:35:00 - PHP Notice:  Indirect modification of overloaded property ControllerSaleWholesale::$data has no effect in C:\xampp\htdocs\demo1uas\admin\controller\sale\wholesale.php on line 70
2015-02-11 5:35:00 - PHP Notice:  Indirect modification of overloaded property ControllerSaleWholesale::$data has no effect in C:\xampp\htdocs\demo1uas\admin\controller\sale\wholesale.php on line 71
2015-02-11 5:35:00 - PHP Notice:  Indirect modification of overloaded property ControllerSaleWholesale::$data has no effect in C:\xampp\htdocs\demo1uas\admin\controller\sale\wholesale.php on line 80
2015-02-11 5:35:00 - PHP Notice:  Indirect modification of overloaded property ControllerSaleWholesale::$data has no effect in C:\xampp\htdocs\demo1uas\admin\controller\sale\wholesale.php on line 91
2015-02-11 5:36:13 - PHP Notice:  Indirect modification of overloaded property ControllerSaleWholesale::$data has no effect in C:\xampp\htdocs\demo1uas\admin\controller\sale\wholesale.php on line 37
2015-02-11 5:36:13 - PHP Notice:  Indirect modification of overloaded property ControllerSaleWholesale::$data has no effect in C:\xampp\htdocs\demo1uas\admin\controller\sale\wholesale.php on line 39
2015-02-11 5:36:13 - PHP Notice:  Indirect modification of overloaded property ControllerSaleWholesale::$data has no effect in C:\xampp\htdocs\demo1uas\admin\controller\sale\wholesale.php on line 45
2015-02-11 5:36:13 - PHP Notice:  Indirect modification of overloaded property ControllerSaleWholesale::$data has no effect in C:\xampp\htdocs\demo1uas\admin\controller\sale\wholesale.php on line 51
2015-02-11 5:36:13 - PHP Notice:  Indirect modification of overloaded property ControllerSaleWholesale::$data has no effect in C:\xampp\htdocs\demo1uas\admin\controller\sale\wholesale.php on line 53
2015-02-11 5:36:13 - PHP Notice:  Indirect modification of overloaded property ControllerSaleWholesale::$data has no effect in C:\xampp\htdocs\demo1uas\admin\controller\sale\wholesale.php on line 60
2015-02-11 5:36:13 - PHP Notice:  Indirect modification of overloaded property ControllerSaleWholesale::$data has no effect in C:\xampp\htdocs\demo1uas\admin\controller\sale\wholesale.php on line 80
2015-02-11 5:36:13 - PHP Notice:  Indirect modification of overloaded property ControllerSaleWholesale::$data has no effect in C:\xampp\htdocs\demo1uas\admin\controller\sale\wholesale.php on line 91
2015-02-11 5:36:48 - PHP Notice:  Indirect modification of overloaded property ControllerSaleWholesale::$data has no effect in C:\xampp\htdocs\demo1uas\admin\controller\sale\wholesale.php on line 37
2015-02-11 5:36:48 - PHP Notice:  Indirect modification of overloaded property ControllerSaleWholesale::$data has no effect in C:\xampp\htdocs\demo1uas\admin\controller\sale\wholesale.php on line 39
2015-02-11 5:36:48 - PHP Notice:  Indirect modification of overloaded property ControllerSaleWholesale::$data has no effect in C:\xampp\htdocs\demo1uas\admin\controller\sale\wholesale.php on line 80
2015-02-11 5:36:48 - PHP Notice:  Indirect modification of overloaded property ControllerSaleWholesale::$data has no effect in C:\xampp\htdocs\demo1uas\admin\controller\sale\wholesale.php on line 91
2015-02-11 5:37:27 - PHP Notice:  Indirect modification of overloaded property ControllerSaleWholesale::$data has no effect in C:\xampp\htdocs\demo1uas\admin\controller\sale\wholesale.php on line 37
2015-02-11 5:37:27 - PHP Notice:  Indirect modification of overloaded property ControllerSaleWholesale::$data has no effect in C:\xampp\htdocs\demo1uas\admin\controller\sale\wholesale.php on line 39
2015-02-11 5:39:26 - PHP Notice:  Undefined variable: header in C:\xampp\htdocs\demo1uas\admin\view\template\sale\wholesale_list.tpl on line 1
2015-02-11 5:39:26 - PHP Notice:  Undefined variable: column_left in C:\xampp\htdocs\demo1uas\admin\view\template\sale\wholesale_list.tpl on line 1
2015-02-11 5:39:26 - PHP Notice:  Undefined variable: footer in C:\xampp\htdocs\demo1uas\admin\view\template\sale\wholesale_list.tpl on line 48
2015-02-11 5:44:59 - PHP Notice:  Undefined variable: button_send in C:\xampp\htdocs\demo1uas\admin\view\template\sale\wholesale_list.tpl on line 56
2015-02-11 5:44:59 - PHP Notice:  Undefined variable: add in C:\xampp\htdocs\demo1uas\admin\view\template\sale\wholesale_list.tpl on line 57
2015-02-11 5:44:59 - PHP Notice:  Undefined variable: button_add in C:\xampp\htdocs\demo1uas\admin\view\template\sale\wholesale_list.tpl on line 57
2015-02-11 5:44:59 - PHP Notice:  Undefined variable: button_delete in C:\xampp\htdocs\demo1uas\admin\view\template\sale\wholesale_list.tpl on line 58
2015-02-11 5:44:59 - PHP Notice:  Undefined variable: text_confirm in C:\xampp\htdocs\demo1uas\admin\view\template\sale\wholesale_list.tpl on line 58
2015-02-11 5:44:59 - PHP Notice:  Undefined variable: text_list in C:\xampp\htdocs\demo1uas\admin\view\template\sale\wholesale_list.tpl on line 81
2015-02-11 5:44:59 - PHP Notice:  Undefined variable: delete in C:\xampp\htdocs\demo1uas\admin\view\template\sale\wholesale_list.tpl on line 84
2015-02-11 5:44:59 - PHP Notice:  Undefined variable: sort in C:\xampp\htdocs\demo1uas\admin\view\template\sale\wholesale_list.tpl on line 90
2015-02-11 5:44:59 - PHP Notice:  Undefined variable: sort_code in C:\xampp\htdocs\demo1uas\admin\view\template\sale\wholesale_list.tpl on line 93
2015-02-11 5:44:59 - PHP Notice:  Undefined variable: column_code in C:\xampp\htdocs\demo1uas\admin\view\template\sale\wholesale_list.tpl on line 93
2015-02-11 5:44:59 - PHP Notice:  Undefined variable: sort in C:\xampp\htdocs\demo1uas\admin\view\template\sale\wholesale_list.tpl on line 95
2015-02-11 5:44:59 - PHP Notice:  Undefined variable: sort_from in C:\xampp\htdocs\demo1uas\admin\view\template\sale\wholesale_list.tpl on line 98
2015-02-11 5:44:59 - PHP Notice:  Undefined variable: column_from in C:\xampp\htdocs\demo1uas\admin\view\template\sale\wholesale_list.tpl on line 98
2015-02-11 5:44:59 - PHP Notice:  Undefined variable: sort in C:\xampp\htdocs\demo1uas\admin\view\template\sale\wholesale_list.tpl on line 100
2015-02-11 5:44:59 - PHP Notice:  Undefined variable: sort_to in C:\xampp\htdocs\demo1uas\admin\view\template\sale\wholesale_list.tpl on line 103
2015-02-11 5:44:59 - PHP Notice:  Undefined variable: column_to in C:\xampp\htdocs\demo1uas\admin\view\template\sale\wholesale_list.tpl on line 103
2015-02-11 5:44:59 - PHP Notice:  Undefined variable: sort in C:\xampp\htdocs\demo1uas\admin\view\template\sale\wholesale_list.tpl on line 105
2015-02-11 5:44:59 - PHP Notice:  Undefined variable: sort_amount in C:\xampp\htdocs\demo1uas\admin\view\template\sale\wholesale_list.tpl on line 108
2015-02-11 5:44:59 - PHP Notice:  Undefined variable: column_amount in C:\xampp\htdocs\demo1uas\admin\view\template\sale\wholesale_list.tpl on line 108
2015-02-11 5:44:59 - PHP Notice:  Undefined variable: sort in C:\xampp\htdocs\demo1uas\admin\view\template\sale\wholesale_list.tpl on line 110
2015-02-11 5:44:59 - PHP Notice:  Undefined variable: sort_theme in C:\xampp\htdocs\demo1uas\admin\view\template\sale\wholesale_list.tpl on line 113
2015-02-11 5:44:59 - PHP Notice:  Undefined variable: column_theme in C:\xampp\htdocs\demo1uas\admin\view\template\sale\wholesale_list.tpl on line 113
2015-02-11 5:44:59 - PHP Notice:  Undefined variable: sort in C:\xampp\htdocs\demo1uas\admin\view\template\sale\wholesale_list.tpl on line 115
2015-02-11 5:44:59 - PHP Notice:  Undefined variable: sort_status in C:\xampp\htdocs\demo1uas\admin\view\template\sale\wholesale_list.tpl on line 118
2015-02-11 5:44:59 - PHP Notice:  Undefined variable: column_status in C:\xampp\htdocs\demo1uas\admin\view\template\sale\wholesale_list.tpl on line 118
2015-02-11 5:44:59 - PHP Notice:  Undefined variable: sort in C:\xampp\htdocs\demo1uas\admin\view\template\sale\wholesale_list.tpl on line 120
2015-02-11 5:44:59 - PHP Notice:  Undefined variable: sort_date_added in C:\xampp\htdocs\demo1uas\admin\view\template\sale\wholesale_list.tpl on line 123
2015-02-11 5:44:59 - PHP Notice:  Undefined variable: column_date_added in C:\xampp\htdocs\demo1uas\admin\view\template\sale\wholesale_list.tpl on line 123
2015-02-11 5:44:59 - PHP Notice:  Undefined variable: column_action in C:\xampp\htdocs\demo1uas\admin\view\template\sale\wholesale_list.tpl on line 125
2015-02-11 5:44:59 - PHP Notice:  Undefined variable: vouchers in C:\xampp\htdocs\demo1uas\admin\view\template\sale\wholesale_list.tpl on line 129
2015-02-11 5:44:59 - PHP Notice:  Undefined variable: pagination in C:\xampp\htdocs\demo1uas\admin\view\template\sale\wholesale_list.tpl on line 157
2015-02-11 5:44:59 - PHP Notice:  Undefined variable: results in C:\xampp\htdocs\demo1uas\admin\view\template\sale\wholesale_list.tpl on line 158
2015-02-11 5:47:47 - PHP Notice:  Undefined variable: button_send in C:\xampp\htdocs\demo1uas\admin\view\template\sale\wholesale_list.tpl on line 59
2015-02-11 5:47:47 - PHP Notice:  Undefined variable: add in C:\xampp\htdocs\demo1uas\admin\view\template\sale\wholesale_list.tpl on line 60
2015-02-11 5:47:47 - PHP Notice:  Undefined variable: button_add in C:\xampp\htdocs\demo1uas\admin\view\template\sale\wholesale_list.tpl on line 60
2015-02-11 5:47:47 - PHP Notice:  Undefined variable: button_delete in C:\xampp\htdocs\demo1uas\admin\view\template\sale\wholesale_list.tpl on line 61
2015-02-11 5:47:47 - PHP Notice:  Undefined variable: text_confirm in C:\xampp\htdocs\demo1uas\admin\view\template\sale\wholesale_list.tpl on line 61
2015-02-11 5:47:47 - PHP Notice:  Undefined variable: text_list in C:\xampp\htdocs\demo1uas\admin\view\template\sale\wholesale_list.tpl on line 84
2015-02-11 5:47:47 - PHP Notice:  Undefined variable: delete in C:\xampp\htdocs\demo1uas\admin\view\template\sale\wholesale_list.tpl on line 87
2015-02-11 5:47:47 - PHP Notice:  Undefined variable: sort in C:\xampp\htdocs\demo1uas\admin\view\template\sale\wholesale_list.tpl on line 93
2015-02-11 5:47:47 - PHP Notice:  Undefined variable: sort_code in C:\xampp\htdocs\demo1uas\admin\view\template\sale\wholesale_list.tpl on line 96
2015-02-11 5:47:47 - PHP Notice:  Undefined variable: column_code in C:\xampp\htdocs\demo1uas\admin\view\template\sale\wholesale_list.tpl on line 96
2015-02-11 5:47:47 - PHP Notice:  Undefined variable: sort in C:\xampp\htdocs\demo1uas\admin\view\template\sale\wholesale_list.tpl on line 98
2015-02-11 5:47:47 - PHP Notice:  Undefined variable: sort_from in C:\xampp\htdocs\demo1uas\admin\view\template\sale\wholesale_list.tpl on line 101
2015-02-11 5:47:47 - PHP Notice:  Undefined variable: column_from in C:\xampp\htdocs\demo1uas\admin\view\template\sale\wholesale_list.tpl on line 101
2015-02-11 5:47:47 - PHP Notice:  Undefined variable: sort in C:\xampp\htdocs\demo1uas\admin\view\template\sale\wholesale_list.tpl on line 103
2015-02-11 5:47:47 - PHP Notice:  Undefined variable: sort_to in C:\xampp\htdocs\demo1uas\admin\view\template\sale\wholesale_list.tpl on line 106
2015-02-11 5:47:47 - PHP Notice:  Undefined variable: column_to in C:\xampp\htdocs\demo1uas\admin\view\template\sale\wholesale_list.tpl on line 106
2015-02-11 5:47:47 - PHP Notice:  Undefined variable: sort in C:\xampp\htdocs\demo1uas\admin\view\template\sale\wholesale_list.tpl on line 108
2015-02-11 5:47:47 - PHP Notice:  Undefined variable: sort_amount in C:\xampp\htdocs\demo1uas\admin\view\template\sale\wholesale_list.tpl on line 111
2015-02-11 5:47:47 - PHP Notice:  Undefined variable: column_amount in C:\xampp\htdocs\demo1uas\admin\view\template\sale\wholesale_list.tpl on line 111
2015-02-11 5:47:47 - PHP Notice:  Undefined variable: sort in C:\xampp\htdocs\demo1uas\admin\view\template\sale\wholesale_list.tpl on line 113
2015-02-11 5:47:47 - PHP Notice:  Undefined variable: sort_theme in C:\xampp\htdocs\demo1uas\admin\view\template\sale\wholesale_list.tpl on line 116
2015-02-11 5:47:47 - PHP Notice:  Undefined variable: column_theme in C:\xampp\htdocs\demo1uas\admin\view\template\sale\wholesale_list.tpl on line 116
2015-02-11 5:47:47 - PHP Notice:  Undefined variable: sort in C:\xampp\htdocs\demo1uas\admin\view\template\sale\wholesale_list.tpl on line 118
2015-02-11 5:47:47 - PHP Notice:  Undefined variable: sort_status in C:\xampp\htdocs\demo1uas\admin\view\template\sale\wholesale_list.tpl on line 121
2015-02-11 5:47:47 - PHP Notice:  Undefined variable: column_status in C:\xampp\htdocs\demo1uas\admin\view\template\sale\wholesale_list.tpl on line 121
2015-02-11 5:47:47 - PHP Notice:  Undefined variable: sort in C:\xampp\htdocs\demo1uas\admin\view\template\sale\wholesale_list.tpl on line 123
2015-02-11 5:47:47 - PHP Notice:  Undefined variable: sort_date_added in C:\xampp\htdocs\demo1uas\admin\view\template\sale\wholesale_list.tpl on line 126
2015-02-11 5:47:47 - PHP Notice:  Undefined variable: column_date_added in C:\xampp\htdocs\demo1uas\admin\view\template\sale\wholesale_list.tpl on line 126
2015-02-11 5:47:47 - PHP Notice:  Undefined variable: column_action in C:\xampp\htdocs\demo1uas\admin\view\template\sale\wholesale_list.tpl on line 128
2015-02-11 5:47:47 - PHP Notice:  Undefined variable: vouchers in C:\xampp\htdocs\demo1uas\admin\view\template\sale\wholesale_list.tpl on line 132
2015-02-11 5:47:47 - PHP Notice:  Undefined variable: pagination in C:\xampp\htdocs\demo1uas\admin\view\template\sale\wholesale_list.tpl on line 160
2015-02-11 5:47:47 - PHP Notice:  Undefined variable: results in C:\xampp\htdocs\demo1uas\admin\view\template\sale\wholesale_list.tpl on line 161
2015-02-11 7:27:54 - PHP Notice:  Undefined variable: button_send in C:\xampp\htdocs\demo1uas\admin\view\template\sale\wholesale_list.tpl on line 59
2015-02-11 7:27:54 - PHP Notice:  Undefined variable: add in C:\xampp\htdocs\demo1uas\admin\view\template\sale\wholesale_list.tpl on line 60
2015-02-11 7:27:54 - PHP Notice:  Undefined variable: button_add in C:\xampp\htdocs\demo1uas\admin\view\template\sale\wholesale_list.tpl on line 60
2015-02-11 7:27:54 - PHP Notice:  Undefined variable: button_delete in C:\xampp\htdocs\demo1uas\admin\view\template\sale\wholesale_list.tpl on line 61
2015-02-11 7:27:54 - PHP Notice:  Undefined variable: text_confirm in C:\xampp\htdocs\demo1uas\admin\view\template\sale\wholesale_list.tpl on line 61
2015-02-11 7:27:54 - PHP Notice:  Undefined variable: text_list in C:\xampp\htdocs\demo1uas\admin\view\template\sale\wholesale_list.tpl on line 84
2015-02-11 7:27:54 - PHP Notice:  Undefined variable: delete in C:\xampp\htdocs\demo1uas\admin\view\template\sale\wholesale_list.tpl on line 87
2015-02-11 7:27:54 - PHP Notice:  Undefined variable: sort in C:\xampp\htdocs\demo1uas\admin\view\template\sale\wholesale_list.tpl on line 93
2015-02-11 7:27:54 - PHP Notice:  Undefined variable: sort_code in C:\xampp\htdocs\demo1uas\admin\view\template\sale\wholesale_list.tpl on line 96
2015-02-11 7:27:54 - PHP Notice:  Undefined variable: column_code in C:\xampp\htdocs\demo1uas\admin\view\template\sale\wholesale_list.tpl on line 96
2015-02-11 7:27:54 - PHP Notice:  Undefined variable: sort in C:\xampp\htdocs\demo1uas\admin\view\template\sale\wholesale_list.tpl on line 98
2015-02-11 7:27:54 - PHP Notice:  Undefined variable: sort_from in C:\xampp\htdocs\demo1uas\admin\view\template\sale\wholesale_list.tpl on line 101
2015-02-11 7:27:54 - PHP Notice:  Undefined variable: column_from in C:\xampp\htdocs\demo1uas\admin\view\template\sale\wholesale_list.tpl on line 101
2015-02-11 7:27:54 - PHP Notice:  Undefined variable: sort in C:\xampp\htdocs\demo1uas\admin\view\template\sale\wholesale_list.tpl on line 103
2015-02-11 7:27:54 - PHP Notice:  Undefined variable: sort_to in C:\xampp\htdocs\demo1uas\admin\view\template\sale\wholesale_list.tpl on line 106
2015-02-11 7:27:54 - PHP Notice:  Undefined variable: column_to in C:\xampp\htdocs\demo1uas\admin\view\template\sale\wholesale_list.tpl on line 106
2015-02-11 7:27:54 - PHP Notice:  Undefined variable: sort in C:\xampp\htdocs\demo1uas\admin\view\template\sale\wholesale_list.tpl on line 108
2015-02-11 7:27:54 - PHP Notice:  Undefined variable: sort_amount in C:\xampp\htdocs\demo1uas\admin\view\template\sale\wholesale_list.tpl on line 111
2015-02-11 7:27:54 - PHP Notice:  Undefined variable: column_amount in C:\xampp\htdocs\demo1uas\admin\view\template\sale\wholesale_list.tpl on line 111
2015-02-11 7:27:54 - PHP Notice:  Undefined variable: sort in C:\xampp\htdocs\demo1uas\admin\view\template\sale\wholesale_list.tpl on line 113
2015-02-11 7:27:54 - PHP Notice:  Undefined variable: sort_theme in C:\xampp\htdocs\demo1uas\admin\view\template\sale\wholesale_list.tpl on line 116
2015-02-11 7:27:54 - PHP Notice:  Undefined variable: column_theme in C:\xampp\htdocs\demo1uas\admin\view\template\sale\wholesale_list.tpl on line 116
2015-02-11 7:27:54 - PHP Notice:  Undefined variable: sort in C:\xampp\htdocs\demo1uas\admin\view\template\sale\wholesale_list.tpl on line 118
2015-02-11 7:27:54 - PHP Notice:  Undefined variable: sort_status in C:\xampp\htdocs\demo1uas\admin\view\template\sale\wholesale_list.tpl on line 121
2015-02-11 7:27:54 - PHP Notice:  Undefined variable: column_status in C:\xampp\htdocs\demo1uas\admin\view\template\sale\wholesale_list.tpl on line 121
2015-02-11 7:27:54 - PHP Notice:  Undefined variable: sort in C:\xampp\htdocs\demo1uas\admin\view\template\sale\wholesale_list.tpl on line 123
2015-02-11 7:27:54 - PHP Notice:  Undefined variable: sort_date_added in C:\xampp\htdocs\demo1uas\admin\view\template\sale\wholesale_list.tpl on line 126
2015-02-11 7:27:54 - PHP Notice:  Undefined variable: column_date_added in C:\xampp\htdocs\demo1uas\admin\view\template\sale\wholesale_list.tpl on line 126
2015-02-11 7:27:54 - PHP Notice:  Undefined variable: column_action in C:\xampp\htdocs\demo1uas\admin\view\template\sale\wholesale_list.tpl on line 128
2015-02-11 7:27:54 - PHP Notice:  Undefined variable: vouchers in C:\xampp\htdocs\demo1uas\admin\view\template\sale\wholesale_list.tpl on line 132
2015-02-11 7:27:54 - PHP Notice:  Undefined variable: pagination in C:\xampp\htdocs\demo1uas\admin\view\template\sale\wholesale_list.tpl on line 160
2015-02-11 7:27:54 - PHP Notice:  Undefined variable: results in C:\xampp\htdocs\demo1uas\admin\view\template\sale\wholesale_list.tpl on line 161
2015-02-11 7:28:09 - PHP Notice:  Undefined variable: button_send in C:\xampp\htdocs\demo1uas\admin\view\template\sale\wholesale_list.tpl on line 57
2015-02-11 7:28:09 - PHP Notice:  Undefined variable: add in C:\xampp\htdocs\demo1uas\admin\view\template\sale\wholesale_list.tpl on line 58
2015-02-11 7:28:09 - PHP Notice:  Undefined variable: button_add in C:\xampp\htdocs\demo1uas\admin\view\template\sale\wholesale_list.tpl on line 58
2015-02-11 7:28:09 - PHP Notice:  Undefined variable: button_delete in C:\xampp\htdocs\demo1uas\admin\view\template\sale\wholesale_list.tpl on line 59
2015-02-11 7:28:09 - PHP Notice:  Undefined variable: text_confirm in C:\xampp\htdocs\demo1uas\admin\view\template\sale\wholesale_list.tpl on line 59
2015-02-11 7:28:09 - PHP Notice:  Undefined variable: text_list in C:\xampp\htdocs\demo1uas\admin\view\template\sale\wholesale_list.tpl on line 82
2015-02-11 7:28:09 - PHP Notice:  Undefined variable: delete in C:\xampp\htdocs\demo1uas\admin\view\template\sale\wholesale_list.tpl on line 85
2015-02-11 7:28:09 - PHP Notice:  Undefined variable: sort in C:\xampp\htdocs\demo1uas\admin\view\template\sale\wholesale_list.tpl on line 91
2015-02-11 7:28:09 - PHP Notice:  Undefined variable: sort_code in C:\xampp\htdocs\demo1uas\admin\view\template\sale\wholesale_list.tpl on line 94
2015-02-11 7:28:09 - PHP Notice:  Undefined variable: column_code in C:\xampp\htdocs\demo1uas\admin\view\template\sale\wholesale_list.tpl on line 94
2015-02-11 7:28:09 - PHP Notice:  Undefined variable: sort in C:\xampp\htdocs\demo1uas\admin\view\template\sale\wholesale_list.tpl on line 96
2015-02-11 7:28:09 - PHP Notice:  Undefined variable: sort_from in C:\xampp\htdocs\demo1uas\admin\view\template\sale\wholesale_list.tpl on line 99
2015-02-11 7:28:09 - PHP Notice:  Undefined variable: column_from in C:\xampp\htdocs\demo1uas\admin\view\template\sale\wholesale_list.tpl on line 99
2015-02-11 7:28:09 - PHP Notice:  Undefined variable: sort in C:\xampp\htdocs\demo1uas\admin\view\template\sale\wholesale_list.tpl on line 101
2015-02-11 7:28:09 - PHP Notice:  Undefined variable: sort_to in C:\xampp\htdocs\demo1uas\admin\view\template\sale\wholesale_list.tpl on line 104
2015-02-11 7:28:09 - PHP Notice:  Undefined variable: column_to in C:\xampp\htdocs\demo1uas\admin\view\template\sale\wholesale_list.tpl on line 104
2015-02-11 7:28:09 - PHP Notice:  Undefined variable: sort in C:\xampp\htdocs\demo1uas\admin\view\template\sale\wholesale_list.tpl on line 106
2015-02-11 7:28:09 - PHP Notice:  Undefined variable: sort_amount in C:\xampp\htdocs\demo1uas\admin\view\template\sale\wholesale_list.tpl on line 109
2015-02-11 7:28:09 - PHP Notice:  Undefined variable: column_amount in C:\xampp\htdocs\demo1uas\admin\view\template\sale\wholesale_list.tpl on line 109
2015-02-11 7:28:09 - PHP Notice:  Undefined variable: sort in C:\xampp\htdocs\demo1uas\admin\view\template\sale\wholesale_list.tpl on line 111
2015-02-11 7:28:09 - PHP Notice:  Undefined variable: sort_theme in C:\xampp\htdocs\demo1uas\admin\view\template\sale\wholesale_list.tpl on line 114
2015-02-11 7:28:09 - PHP Notice:  Undefined variable: column_theme in C:\xampp\htdocs\demo1uas\admin\view\template\sale\wholesale_list.tpl on line 114
2015-02-11 7:28:09 - PHP Notice:  Undefined variable: sort in C:\xampp\htdocs\demo1uas\admin\view\template\sale\wholesale_list.tpl on line 116
2015-02-11 7:28:09 - PHP Notice:  Undefined variable: sort_status in C:\xampp\htdocs\demo1uas\admin\view\template\sale\wholesale_list.tpl on line 119
2015-02-11 7:28:09 - PHP Notice:  Undefined variable: column_status in C:\xampp\htdocs\demo1uas\admin\view\template\sale\wholesale_list.tpl on line 119
2015-02-11 7:28:09 - PHP Notice:  Undefined variable: sort in C:\xampp\htdocs\demo1uas\admin\view\template\sale\wholesale_list.tpl on line 121
2015-02-11 7:28:09 - PHP Notice:  Undefined variable: sort_date_added in C:\xampp\htdocs\demo1uas\admin\view\template\sale\wholesale_list.tpl on line 124
2015-02-11 7:28:09 - PHP Notice:  Undefined variable: column_date_added in C:\xampp\htdocs\demo1uas\admin\view\template\sale\wholesale_list.tpl on line 124
2015-02-11 7:28:09 - PHP Notice:  Undefined variable: column_action in C:\xampp\htdocs\demo1uas\admin\view\template\sale\wholesale_list.tpl on line 126
2015-02-11 7:28:09 - PHP Notice:  Undefined variable: vouchers in C:\xampp\htdocs\demo1uas\admin\view\template\sale\wholesale_list.tpl on line 130
2015-02-11 7:28:09 - PHP Notice:  Undefined variable: pagination in C:\xampp\htdocs\demo1uas\admin\view\template\sale\wholesale_list.tpl on line 158
2015-02-11 7:28:09 - PHP Notice:  Undefined variable: results in C:\xampp\htdocs\demo1uas\admin\view\template\sale\wholesale_list.tpl on line 159
2015-02-11 7:28:51 - PHP Notice:  Undefined variable: button_add in C:\xampp\htdocs\demo1uas\admin\view\template\sale\wholesale_list.tpl on line 57
2015-02-11 7:28:51 - PHP Notice:  Undefined variable: button_send in C:\xampp\htdocs\demo1uas\admin\view\template\sale\wholesale_list.tpl on line 59
2015-02-11 7:28:51 - PHP Notice:  Undefined variable: add in C:\xampp\htdocs\demo1uas\admin\view\template\sale\wholesale_list.tpl on line 60
2015-02-11 7:28:51 - PHP Notice:  Undefined variable: button_add in C:\xampp\htdocs\demo1uas\admin\view\template\sale\wholesale_list.tpl on line 60
2015-02-11 7:28:51 - PHP Notice:  Undefined variable: button_delete in C:\xampp\htdocs\demo1uas\admin\view\template\sale\wholesale_list.tpl on line 61
2015-02-11 7:28:51 - PHP Notice:  Undefined variable: text_confirm in C:\xampp\htdocs\demo1uas\admin\view\template\sale\wholesale_list.tpl on line 61
2015-02-11 7:28:51 - PHP Notice:  Undefined variable: text_list in C:\xampp\htdocs\demo1uas\admin\view\template\sale\wholesale_list.tpl on line 84
2015-02-11 7:28:51 - PHP Notice:  Undefined variable: delete in C:\xampp\htdocs\demo1uas\admin\view\template\sale\wholesale_list.tpl on line 87
2015-02-11 7:28:51 - PHP Notice:  Undefined variable: sort in C:\xampp\htdocs\demo1uas\admin\view\template\sale\wholesale_list.tpl on line 93
2015-02-11 7:28:51 - PHP Notice:  Undefined variable: sort_code in C:\xampp\htdocs\demo1uas\admin\view\template\sale\wholesale_list.tpl on line 96
2015-02-11 7:28:51 - PHP Notice:  Undefined variable: column_code in C:\xampp\htdocs\demo1uas\admin\view\template\sale\wholesale_list.tpl on line 96
2015-02-11 7:28:51 - PHP Notice:  Undefined variable: sort in C:\xampp\htdocs\demo1uas\admin\view\template\sale\wholesale_list.tpl on line 98
2015-02-11 7:28:51 - PHP Notice:  Undefined variable: sort_from in C:\xampp\htdocs\demo1uas\admin\view\template\sale\wholesale_list.tpl on line 101
2015-02-11 7:28:51 - PHP Notice:  Undefined variable: column_from in C:\xampp\htdocs\demo1uas\admin\view\template\sale\wholesale_list.tpl on line 101
2015-02-11 7:28:51 - PHP Notice:  Undefined variable: sort in C:\xampp\htdocs\demo1uas\admin\view\template\sale\wholesale_list.tpl on line 103
2015-02-11 7:28:51 - PHP Notice:  Undefined variable: sort_to in C:\xampp\htdocs\demo1uas\admin\view\template\sale\wholesale_list.tpl on line 106
2015-02-11 7:28:51 - PHP Notice:  Undefined variable: column_to in C:\xampp\htdocs\demo1uas\admin\view\template\sale\wholesale_list.tpl on line 106
2015-02-11 7:28:51 - PHP Notice:  Undefined variable: sort in C:\xampp\htdocs\demo1uas\admin\view\template\sale\wholesale_list.tpl on line 108
2015-02-11 7:28:51 - PHP Notice:  Undefined variable: sort_amount in C:\xampp\htdocs\demo1uas\admin\view\template\sale\wholesale_list.tpl on line 111
2015-02-11 7:28:51 - PHP Notice:  Undefined variable: column_amount in C:\xampp\htdocs\demo1uas\admin\view\template\sale\wholesale_list.tpl on line 111
2015-02-11 7:28:51 - PHP Notice:  Undefined variable: sort in C:\xampp\htdocs\demo1uas\admin\view\template\sale\wholesale_list.tpl on line 113
2015-02-11 7:28:51 - PHP Notice:  Undefined variable: sort_theme in C:\xampp\htdocs\demo1uas\admin\view\template\sale\wholesale_list.tpl on line 116
2015-02-11 7:28:51 - PHP Notice:  Undefined variable: column_theme in C:\xampp\htdocs\demo1uas\admin\view\template\sale\wholesale_list.tpl on line 116
2015-02-11 7:28:51 - PHP Notice:  Undefined variable: sort in C:\xampp\htdocs\demo1uas\admin\view\template\sale\wholesale_list.tpl on line 118
2015-02-11 7:28:51 - PHP Notice:  Undefined variable: sort_status in C:\xampp\htdocs\demo1uas\admin\view\template\sale\wholesale_list.tpl on line 121
2015-02-11 7:28:51 - PHP Notice:  Undefined variable: column_status in C:\xampp\htdocs\demo1uas\admin\view\template\sale\wholesale_list.tpl on line 121
2015-02-11 7:28:51 - PHP Notice:  Undefined variable: sort in C:\xampp\htdocs\demo1uas\admin\view\template\sale\wholesale_list.tpl on line 123
2015-02-11 7:28:51 - PHP Notice:  Undefined variable: sort_date_added in C:\xampp\htdocs\demo1uas\admin\view\template\sale\wholesale_list.tpl on line 126
2015-02-11 7:28:51 - PHP Notice:  Undefined variable: column_date_added in C:\xampp\htdocs\demo1uas\admin\view\template\sale\wholesale_list.tpl on line 126
2015-02-11 7:28:51 - PHP Notice:  Undefined variable: column_action in C:\xampp\htdocs\demo1uas\admin\view\template\sale\wholesale_list.tpl on line 128
2015-02-11 7:28:51 - PHP Notice:  Undefined variable: vouchers in C:\xampp\htdocs\demo1uas\admin\view\template\sale\wholesale_list.tpl on line 132
2015-02-11 7:28:51 - PHP Notice:  Undefined variable: pagination in C:\xampp\htdocs\demo1uas\admin\view\template\sale\wholesale_list.tpl on line 160
2015-02-11 7:28:51 - PHP Notice:  Undefined variable: results in C:\xampp\htdocs\demo1uas\admin\view\template\sale\wholesale_list.tpl on line 161
2015-02-11 7:31:15 - PHP Notice:  Undefined variable: button_add in C:\xampp\htdocs\demo1uas\admin\view\template\sale\wholesale_list.tpl on line 57
2015-02-11 7:31:15 - PHP Notice:  Undefined variable: button_send in C:\xampp\htdocs\demo1uas\admin\view\template\sale\wholesale_list.tpl on line 59
2015-02-11 7:31:15 - PHP Notice:  Undefined variable: add in C:\xampp\htdocs\demo1uas\admin\view\template\sale\wholesale_list.tpl on line 60
2015-02-11 7:31:15 - PHP Notice:  Undefined variable: button_add in C:\xampp\htdocs\demo1uas\admin\view\template\sale\wholesale_list.tpl on line 60
2015-02-11 7:31:15 - PHP Notice:  Undefined variable: button_delete in C:\xampp\htdocs\demo1uas\admin\view\template\sale\wholesale_list.tpl on line 61
2015-02-11 7:31:15 - PHP Notice:  Undefined variable: text_confirm in C:\xampp\htdocs\demo1uas\admin\view\template\sale\wholesale_list.tpl on line 61
2015-02-11 7:31:15 - PHP Notice:  Undefined variable: text_list in C:\xampp\htdocs\demo1uas\admin\view\template\sale\wholesale_list.tpl on line 84
2015-02-11 7:31:15 - PHP Notice:  Undefined variable: delete in C:\xampp\htdocs\demo1uas\admin\view\template\sale\wholesale_list.tpl on line 87
2015-02-11 7:31:15 - PHP Notice:  Undefined variable: sort in C:\xampp\htdocs\demo1uas\admin\view\template\sale\wholesale_list.tpl on line 93
2015-02-11 7:31:15 - PHP Notice:  Undefined variable: sort_code in C:\xampp\htdocs\demo1uas\admin\view\template\sale\wholesale_list.tpl on line 96
2015-02-11 7:31:15 - PHP Notice:  Undefined variable: column_code in C:\xampp\htdocs\demo1uas\admin\view\template\sale\wholesale_list.tpl on line 96
2015-02-11 7:31:15 - PHP Notice:  Undefined variable: sort in C:\xampp\htdocs\demo1uas\admin\view\template\sale\wholesale_list.tpl on line 98
2015-02-11 7:31:15 - PHP Notice:  Undefined variable: sort_from in C:\xampp\htdocs\demo1uas\admin\view\template\sale\wholesale_list.tpl on line 101
2015-02-11 7:31:15 - PHP Notice:  Undefined variable: column_from in C:\xampp\htdocs\demo1uas\admin\view\template\sale\wholesale_list.tpl on line 101
2015-02-11 7:31:15 - PHP Notice:  Undefined variable: sort in C:\xampp\htdocs\demo1uas\admin\view\template\sale\wholesale_list.tpl on line 103
2015-02-11 7:31:15 - PHP Notice:  Undefined variable: sort_to in C:\xampp\htdocs\demo1uas\admin\view\template\sale\wholesale_list.tpl on line 106
2015-02-11 7:31:15 - PHP Notice:  Undefined variable: column_to in C:\xampp\htdocs\demo1uas\admin\view\template\sale\wholesale_list.tpl on line 106
2015-02-11 7:31:15 - PHP Notice:  Undefined variable: sort in C:\xampp\htdocs\demo1uas\admin\view\template\sale\wholesale_list.tpl on line 108
2015-02-11 7:31:15 - PHP Notice:  Undefined variable: sort_amount in C:\xampp\htdocs\demo1uas\admin\view\template\sale\wholesale_list.tpl on line 111
2015-02-11 7:31:15 - PHP Notice:  Undefined variable: column_amount in C:\xampp\htdocs\demo1uas\admin\view\template\sale\wholesale_list.tpl on line 111
2015-02-11 7:31:15 - PHP Notice:  Undefined variable: sort in C:\xampp\htdocs\demo1uas\admin\view\template\sale\wholesale_list.tpl on line 113
2015-02-11 7:31:15 - PHP Notice:  Undefined variable: sort_theme in C:\xampp\htdocs\demo1uas\admin\view\template\sale\wholesale_list.tpl on line 116
2015-02-11 7:31:15 - PHP Notice:  Undefined variable: column_theme in C:\xampp\htdocs\demo1uas\admin\view\template\sale\wholesale_list.tpl on line 116
2015-02-11 7:31:15 - PHP Notice:  Undefined variable: sort in C:\xampp\htdocs\demo1uas\admin\view\template\sale\wholesale_list.tpl on line 118
2015-02-11 7:31:15 - PHP Notice:  Undefined variable: sort_status in C:\xampp\htdocs\demo1uas\admin\view\template\sale\wholesale_list.tpl on line 121
2015-02-11 7:31:15 - PHP Notice:  Undefined variable: column_status in C:\xampp\htdocs\demo1uas\admin\view\template\sale\wholesale_list.tpl on line 121
2015-02-11 7:31:15 - PHP Notice:  Undefined variable: sort in C:\xampp\htdocs\demo1uas\admin\view\template\sale\wholesale_list.tpl on line 123
2015-02-11 7:31:15 - PHP Notice:  Undefined variable: sort_date_added in C:\xampp\htdocs\demo1uas\admin\view\template\sale\wholesale_list.tpl on line 126
2015-02-11 7:31:15 - PHP Notice:  Undefined variable: column_date_added in C:\xampp\htdocs\demo1uas\admin\view\template\sale\wholesale_list.tpl on line 126
2015-02-11 7:31:15 - PHP Notice:  Undefined variable: column_action in C:\xampp\htdocs\demo1uas\admin\view\template\sale\wholesale_list.tpl on line 128
2015-02-11 7:31:15 - PHP Notice:  Undefined variable: vouchers in C:\xampp\htdocs\demo1uas\admin\view\template\sale\wholesale_list.tpl on line 132
2015-02-11 7:31:15 - PHP Notice:  Undefined variable: pagination in C:\xampp\htdocs\demo1uas\admin\view\template\sale\wholesale_list.tpl on line 160
2015-02-11 7:31:15 - PHP Notice:  Undefined variable: results in C:\xampp\htdocs\demo1uas\admin\view\template\sale\wholesale_list.tpl on line 161
2015-02-11 7:36:53 - PHP Notice:  Undefined variable: button_add in C:\xampp\htdocs\demo1uas\admin\view\template\sale\wholesale_list.tpl on line 57
2015-02-11 7:36:53 - PHP Notice:  Undefined variable: add in C:\xampp\htdocs\demo1uas\admin\view\template\sale\wholesale_list.tpl on line 60
2015-02-11 7:36:53 - PHP Notice:  Undefined variable: button_add in C:\xampp\htdocs\demo1uas\admin\view\template\sale\wholesale_list.tpl on line 60
2015-02-11 7:36:53 - PHP Notice:  Undefined variable: button_delete in C:\xampp\htdocs\demo1uas\admin\view\template\sale\wholesale_list.tpl on line 61
2015-02-11 7:36:53 - PHP Notice:  Undefined variable: text_confirm in C:\xampp\htdocs\demo1uas\admin\view\template\sale\wholesale_list.tpl on line 61
2015-02-11 7:36:53 - PHP Notice:  Undefined variable: text_list in C:\xampp\htdocs\demo1uas\admin\view\template\sale\wholesale_list.tpl on line 84
2015-02-11 7:36:53 - PHP Notice:  Undefined variable: delete in C:\xampp\htdocs\demo1uas\admin\view\template\sale\wholesale_list.tpl on line 87
2015-02-11 7:36:53 - PHP Notice:  Undefined variable: sort in C:\xampp\htdocs\demo1uas\admin\view\template\sale\wholesale_list.tpl on line 93
2015-02-11 7:36:53 - PHP Notice:  Undefined variable: sort_code in C:\xampp\htdocs\demo1uas\admin\view\template\sale\wholesale_list.tpl on line 96
2015-02-11 7:36:53 - PHP Notice:  Undefined variable: column_code in C:\xampp\htdocs\demo1uas\admin\view\template\sale\wholesale_list.tpl on line 96
2015-02-11 7:36:53 - PHP Notice:  Undefined variable: sort in C:\xampp\htdocs\demo1uas\admin\view\template\sale\wholesale_list.tpl on line 98
2015-02-11 7:36:53 - PHP Notice:  Undefined variable: sort_from in C:\xampp\htdocs\demo1uas\admin\view\template\sale\wholesale_list.tpl on line 101
2015-02-11 7:36:53 - PHP Notice:  Undefined variable: column_from in C:\xampp\htdocs\demo1uas\admin\view\template\sale\wholesale_list.tpl on line 101
2015-02-11 7:36:53 - PHP Notice:  Undefined variable: sort in C:\xampp\htdocs\demo1uas\admin\view\template\sale\wholesale_list.tpl on line 103
2015-02-11 7:36:53 - PHP Notice:  Undefined variable: sort_to in C:\xampp\htdocs\demo1uas\admin\view\template\sale\wholesale_list.tpl on line 106
2015-02-11 7:36:53 - PHP Notice:  Undefined variable: column_to in C:\xampp\htdocs\demo1uas\admin\view\template\sale\wholesale_list.tpl on line 106
2015-02-11 7:36:53 - PHP Notice:  Undefined variable: sort in C:\xampp\htdocs\demo1uas\admin\view\template\sale\wholesale_list.tpl on line 108
2015-02-11 7:36:53 - PHP Notice:  Undefined variable: sort_amount in C:\xampp\htdocs\demo1uas\admin\view\template\sale\wholesale_list.tpl on line 111
2015-02-11 7:36:53 - PHP Notice:  Undefined variable: column_amount in C:\xampp\htdocs\demo1uas\admin\view\template\sale\wholesale_list.tpl on line 111
2015-02-11 7:36:53 - PHP Notice:  Undefined variable: sort in C:\xampp\htdocs\demo1uas\admin\view\template\sale\wholesale_list.tpl on line 113
2015-02-11 7:36:53 - PHP Notice:  Undefined variable: sort_theme in C:\xampp\htdocs\demo1uas\admin\view\template\sale\wholesale_list.tpl on line 116
2015-02-11 7:36:53 - PHP Notice:  Undefined variable: column_theme in C:\xampp\htdocs\demo1uas\admin\view\template\sale\wholesale_list.tpl on line 116
2015-02-11 7:36:53 - PHP Notice:  Undefined variable: sort in C:\xampp\htdocs\demo1uas\admin\view\template\sale\wholesale_list.tpl on line 118
2015-02-11 7:36:53 - PHP Notice:  Undefined variable: sort_status in C:\xampp\htdocs\demo1uas\admin\view\template\sale\wholesale_list.tpl on line 121
2015-02-11 7:36:53 - PHP Notice:  Undefined variable: column_status in C:\xampp\htdocs\demo1uas\admin\view\template\sale\wholesale_list.tpl on line 121
2015-02-11 7:36:53 - PHP Notice:  Undefined variable: sort in C:\xampp\htdocs\demo1uas\admin\view\template\sale\wholesale_list.tpl on line 123
2015-02-11 7:36:53 - PHP Notice:  Undefined variable: sort_date_added in C:\xampp\htdocs\demo1uas\admin\view\template\sale\wholesale_list.tpl on line 126
2015-02-11 7:36:53 - PHP Notice:  Undefined variable: column_date_added in C:\xampp\htdocs\demo1uas\admin\view\template\sale\wholesale_list.tpl on line 126
2015-02-11 7:36:53 - PHP Notice:  Undefined variable: column_action in C:\xampp\htdocs\demo1uas\admin\view\template\sale\wholesale_list.tpl on line 128
2015-02-11 7:36:53 - PHP Notice:  Undefined variable: vouchers in C:\xampp\htdocs\demo1uas\admin\view\template\sale\wholesale_list.tpl on line 132
2015-02-11 7:36:53 - PHP Notice:  Undefined variable: pagination in C:\xampp\htdocs\demo1uas\admin\view\template\sale\wholesale_list.tpl on line 160
2015-02-11 7:36:53 - PHP Notice:  Undefined variable: results in C:\xampp\htdocs\demo1uas\admin\view\template\sale\wholesale_list.tpl on line 161
2015-02-11 7:37:59 - PHP Notice:  Undefined variable: button_add in C:\xampp\htdocs\demo1uas\admin\view\template\sale\wholesale_list.tpl on line 57
2015-02-11 7:37:59 - PHP Notice:  Undefined variable: add in C:\xampp\htdocs\demo1uas\admin\view\template\sale\wholesale_list.tpl on line 60
2015-02-11 7:37:59 - PHP Notice:  Undefined variable: button_add in C:\xampp\htdocs\demo1uas\admin\view\template\sale\wholesale_list.tpl on line 60
2015-02-11 7:37:59 - PHP Notice:  Undefined variable: button_delete in C:\xampp\htdocs\demo1uas\admin\view\template\sale\wholesale_list.tpl on line 61
2015-02-11 7:37:59 - PHP Notice:  Undefined variable: text_confirm in C:\xampp\htdocs\demo1uas\admin\view\template\sale\wholesale_list.tpl on line 61
2015-02-11 7:37:59 - PHP Notice:  Undefined variable: text_list in C:\xampp\htdocs\demo1uas\admin\view\template\sale\wholesale_list.tpl on line 84
2015-02-11 7:37:59 - PHP Notice:  Undefined variable: pagination in C:\xampp\htdocs\demo1uas\admin\view\template\sale\wholesale_list.tpl on line 113
2015-02-11 7:37:59 - PHP Notice:  Undefined variable: results in C:\xampp\htdocs\demo1uas\admin\view\template\sale\wholesale_list.tpl on line 114
2015-02-11 8:15:14 - PHP Notice:  Undefined variable: button_add in C:\xampp\htdocs\demo1uas\admin\view\template\sale\wholesale_list.tpl on line 57
2015-02-11 8:15:14 - PHP Notice:  Undefined variable: add in C:\xampp\htdocs\demo1uas\admin\view\template\sale\wholesale_list.tpl on line 60
2015-02-11 8:15:14 - PHP Notice:  Undefined variable: button_add in C:\xampp\htdocs\demo1uas\admin\view\template\sale\wholesale_list.tpl on line 60
2015-02-11 8:15:14 - PHP Notice:  Undefined variable: button_delete in C:\xampp\htdocs\demo1uas\admin\view\template\sale\wholesale_list.tpl on line 61
2015-02-11 8:15:14 - PHP Notice:  Undefined variable: text_confirm in C:\xampp\htdocs\demo1uas\admin\view\template\sale\wholesale_list.tpl on line 61
2015-02-11 8:15:14 - PHP Notice:  Undefined variable: text_list in C:\xampp\htdocs\demo1uas\admin\view\template\sale\wholesale_list.tpl on line 84
2015-02-11 8:15:14 - PHP Notice:  Undefined variable: pagination in C:\xampp\htdocs\demo1uas\admin\view\template\sale\wholesale_list.tpl on line 113
2015-02-11 8:15:14 - PHP Notice:  Undefined variable: results in C:\xampp\htdocs\demo1uas\admin\view\template\sale\wholesale_list.tpl on line 114
2015-02-11 8:15:37 - PHP Notice:  Undefined variable: button_add in C:\xampp\htdocs\demo1uas\admin\view\template\sale\wholesale_list.tpl on line 7
2015-02-11 8:15:37 - PHP Notice:  Undefined variable: add in C:\xampp\htdocs\demo1uas\admin\view\template\sale\wholesale_list.tpl on line 10
2015-02-11 8:15:37 - PHP Notice:  Undefined variable: button_add in C:\xampp\htdocs\demo1uas\admin\view\template\sale\wholesale_list.tpl on line 10
2015-02-11 8:15:37 - PHP Notice:  Undefined variable: button_delete in C:\xampp\htdocs\demo1uas\admin\view\template\sale\wholesale_list.tpl on line 11
2015-02-11 8:15:37 - PHP Notice:  Undefined variable: text_confirm in C:\xampp\htdocs\demo1uas\admin\view\template\sale\wholesale_list.tpl on line 11
2015-02-11 8:15:37 - PHP Notice:  Undefined variable: text_list in C:\xampp\htdocs\demo1uas\admin\view\template\sale\wholesale_list.tpl on line 34
2015-02-11 8:15:37 - PHP Notice:  Undefined variable: pagination in C:\xampp\htdocs\demo1uas\admin\view\template\sale\wholesale_list.tpl on line 63
2015-02-11 8:15:37 - PHP Notice:  Undefined variable: results in C:\xampp\htdocs\demo1uas\admin\view\template\sale\wholesale_list.tpl on line 64
2015-02-11 8:16:15 - PHP Notice:  Undefined variable: button_add in C:\xampp\htdocs\demo1uas\admin\view\template\sale\wholesale_list.tpl on line 7
2015-02-11 8:16:15 - PHP Notice:  Undefined variable: text_list in C:\xampp\htdocs\demo1uas\admin\view\template\sale\wholesale_list.tpl on line 31
2015-02-11 8:16:15 - PHP Notice:  Undefined variable: pagination in C:\xampp\htdocs\demo1uas\admin\view\template\sale\wholesale_list.tpl on line 60
2015-02-11 8:16:15 - PHP Notice:  Undefined variable: results in C:\xampp\htdocs\demo1uas\admin\view\template\sale\wholesale_list.tpl on line 61
2015-02-11 8:17:05 - PHP Notice:  Undefined variable: button_add in C:\xampp\htdocs\demo1uas\admin\view\template\sale\wholesale_list.tpl on line 7
2015-02-11 8:17:05 - PHP Notice:  Undefined variable: text_list in C:\xampp\htdocs\demo1uas\admin\view\template\sale\wholesale_list.tpl on line 31
2015-02-11 8:17:05 - PHP Notice:  Undefined variable: pagination in C:\xampp\htdocs\demo1uas\admin\view\template\sale\wholesale_list.tpl on line 60
2015-02-11 8:17:05 - PHP Notice:  Undefined variable: results in C:\xampp\htdocs\demo1uas\admin\view\template\sale\wholesale_list.tpl on line 61
2015-02-11 8:18:33 - PHP Notice:  Undefined variable: button_add in C:\xampp\htdocs\demo1uas\admin\view\template\sale\wholesale_list.tpl on line 7
2015-02-11 8:18:33 - PHP Notice:  Undefined variable: text_list in C:\xampp\htdocs\demo1uas\admin\view\template\sale\wholesale_list.tpl on line 31
2015-02-11 8:18:33 - PHP Notice:  Undefined variable: pagination in C:\xampp\htdocs\demo1uas\admin\view\template\sale\wholesale_list.tpl on line 59
2015-02-11 8:19:59 - PHP Notice:  Undefined variable: button_add in C:\xampp\htdocs\demo1uas\admin\view\template\sale\wholesale_list.tpl on line 7
2015-02-11 8:19:59 - PHP Notice:  Undefined variable: text_list in C:\xampp\htdocs\demo1uas\admin\view\template\sale\wholesale_list.tpl on line 31
2015-02-11 8:21:04 - PHP Notice:  Undefined variable: button_add in C:\xampp\htdocs\demo1uas\admin\view\template\sale\wholesale_list.tpl on line 7
2015-02-11 8:21:04 - PHP Notice:  Undefined variable: text_list in C:\xampp\htdocs\demo1uas\admin\view\template\sale\wholesale_list.tpl on line 31
2015-02-11 8:22:46 - PHP Notice:  Undefined variable: button_add in C:\xampp\htdocs\demo1uas\admin\view\template\sale\wholesale_list.tpl on line 6
2015-02-11 8:23:05 - PHP Notice:  Undefined variable: button_add in C:\xampp\htdocs\demo1uas\admin\view\template\sale\wholesale_list.tpl on line 6
2015-02-11 8:23:55 - PHP Notice:  Undefined variable: button_add in C:\xampp\htdocs\demo1uas\admin\view\template\sale\wholesale_list.tpl on line 6
2015-02-11 8:24:25 - PHP Notice:  Undefined variable: redirect in C:\xampp\htdocs\demo1uas\admin\controller\sale\wholesale.php on line 31
2015-02-11 8:24:27 - PHP Notice:  Undefined variable: button_add in C:\xampp\htdocs\demo1uas\admin\view\template\sale\wholesale_list.tpl on line 6
2015-02-11 8:25:41 - PHP Notice:  Undefined variable: button_add in C:\xampp\htdocs\demo1uas\admin\view\template\sale\wholesale_list.tpl on line 6
2015-02-11 8:25:46 - PHP Notice:  Undefined variable: button_add in C:\xampp\htdocs\demo1uas\admin\view\template\sale\wholesale_list.tpl on line 6
2015-02-11 9:06:23 - PHP Notice:  Undefined index: specification in C:\xampp\htdocs\demo1uas\admin\view\template\catalog\product_form.tpl on line 71
2015-02-11 11:27:12 - PHP Notice:  Undefined index: specification in C:\xampp\htdocs\demo1uas\admin\view\template\catalog\product_form.tpl on line 71
2015-02-11 11:41:12 - PHP Notice:  Undefined index: specification in C:\xampp\htdocs\demo1uas\admin\view\template\catalog\product_form.tpl on line 71
2015-02-11 11:41:20 - PHP Notice:  Undefined index: specification in C:\xampp\htdocs\demo1uas\admin\view\template\catalog\product_form.tpl on line 71
2015-02-11 11:50:06 - PHP Notice:  Undefined index: specification in C:\xampp\htdocs\demo1uas\admin\view\template\catalog\product_form.tpl on line 71
2015-02-11 11:50:15 - PHP Notice:  Undefined index: specification in C:\xampp\htdocs\demo1uas\admin\view\template\catalog\product_form.tpl on line 71
2015-02-12 10:23:46 - PHP Notice:  Undefined index: specification in D:\demo1uas\system\modification\admin\model\catalog\product.php on line 489
2015-02-12 10:32:49 - PHP Notice:  Undefined index: specification in D:\demo1uas\system\modification\admin\model\catalog\product.php on line 489
2015-02-12 10:33:54 - PHP Notice:  Undefined index: specification in D:\demo1uas\system\modification\admin\model\catalog\product.php on line 489
2015-02-12 10:37:08 - PHP Notice:  Undefined index: specification in D:\demo1uas\system\modification\admin\model\catalog\product.php on line 489
2015-02-12 10:43:36 - PHP Notice:  Undefined index: specification in D:\demo1uas\system\modification\admin\model\catalog\product.php on line 489
2015-02-12 10:44:03 - PHP Notice:  Undefined index: specification in D:\demo1uas\system\modification\admin\model\catalog\product.php on line 489
2015-02-12 10:46:13 - PHP Notice:  Undefined index: specification in D:\demo1uas\system\modification\admin\model\catalog\product.php on line 489
2015-02-12 10:52:50 - PHP Notice:  Undefined index: specification in D:\demo1uas\system\modification\admin\model\catalog\product.php on line 489
2015-02-12 10:54:39 - PHP Notice:  Undefined index: specification in D:\demo1uas\system\modification\admin\model\catalog\product.php on line 489
2015-02-12 10:55:08 - PHP Notice:  Undefined index: specification in D:\demo1uas\system\modification\admin\model\catalog\product.php on line 489
2015-02-12 10:58:15 - PHP Notice:  Undefined index: specification in D:\demo1uas\system\modification\admin\model\catalog\product.php on line 489
2015-02-12 11:00:10 - PHP Notice:  Undefined index: specification in D:\demo1uas\system\modification\admin\model\catalog\product.php on line 489
2015-02-14 4:40:58 - PHP Notice:  Undefined index: specification in D:\yobeshop_new\system\modification\admin\model\catalog\product.php on line 489
2015-02-14 6:09:46 - PHP Notice:  Undefined index: specification in D:\yobeshop_new\system\modification\admin\model\catalog\product.php on line 489
2015-02-14 6:10:01 - PHP Notice:  Undefined index: specification in D:\yobeshop_new\system\modification\admin\model\catalog\product.php on line 489
2015-02-15 12:22:05 - PHP Notice:  Undefined index: specification in F:\publish\YobeShopv20\system\modification\admin\model\catalog\product.php on line 489
2015-02-15 12:22:05 - PHP Notice:  Undefined index: specification in F:\publish\YobeShopv20\system\modification\admin\model\catalog\product.php on line 489
2015-02-15 12:22:38 - PHP Notice:  Error: Unknown column 'specification' in 'field list'<br />Error No: 1054<br />INSERT INTO product_description SET product_id = '49', language_id = '1', name = 'Samsung Galaxy Tab 10.1', description = '&lt;p&gt;Samsung Galaxy Tab 10.1, is the world&amp;rsquo;s thinnest tablet, measuring 8.6 mm thickness, running with Android 3.0 Honeycomb OS on a 1GHz dual-core Tegra 2 processor, similar to its younger brother Samsung Galaxy Tab 8.9.&lt;/p&gt;\r\n\r\n&lt;p&gt;Samsung Galaxy Tab 10.1 gives pure Android 3.0 experience, adding its new TouchWiz UX or TouchWiz 4.0 &amp;ndash; includes a live panel, which lets you to customize with different content, such as your pictures, bookmarks, and social feeds, sporting a 10.1 inches WXGA capacitive touch screen with 1280 x 800 pixels of resolution, equipped with 3 megapixel rear camera with LED flash and a 2 megapixel front camera, HSPA+ connectivity up to 21Mbps, 720p HD video recording capability, 1080p HD playback, DLNA support, Bluetooth 2.1, USB 2.0, gyroscope, Wi-Fi 802.11 a/b/g/n, micro-SD slot, 3.5mm headphone jack, and SIM slot, including the Samsung Stick &amp;ndash; a Bluetooth microphone that can be carried in a pocket like a pen and sound dock with powered subwoofer.&lt;/p&gt;\r\n\r\n&lt;p&gt;Samsung Galaxy Tab 10.1 will come in 16GB / 32GB / 64GB verities and pre-loaded with Social Hub, Reader&amp;rsquo;s Hub, Music Hub and Samsung Mini Apps Tray &amp;ndash; which gives you access to more commonly used apps to help ease multitasking and it is capable of Adobe Flash Player 10.2, powered by 6860mAh battery that gives you 10hours of video-playback time.&amp;nbsp;&amp;auml;&amp;ouml;&lt;/p&gt;\r\n', tag = '', meta_title = 'Tablet', meta_description = '', meta_keyword = '', specification = '&lt;p&gt;Samsung Galaxy Tab 10.1, is the world&amp;rsquo;s thinnest tablet, measuring 8.6 mm thickness, running with Android 3.0 Honeycomb OS on a 1GHz dual-core Tegra 2 processor, similar to its younger brother Samsung Galaxy Tab 8.9.&lt;/p&gt;\r\n\r\n&lt;p&gt;Samsung Galaxy Tab 10.1 gives pure Android 3.0 experience, adding its new TouchWiz UX or TouchWiz 4.0 &amp;ndash; includes a live panel, which lets you to customize with different content, such as your pictures, bookmarks, and social feeds, sporting a 10.1 inches WXGA capacitive touch screen with 1280 x 800 pixels of resolution, equipped with 3 megapixel rear camera with LED flash and a 2 megapixel front camera, HSPA+ connectivity up to 21Mbps, 720p HD video recording capability, 1080p HD playback, DLNA support, Bluetooth 2.1, USB 2.0, gyroscope, Wi-Fi 802.11 a/b/g/n, micro-SD slot, 3.5mm headphone jack, and SIM slot, including the Samsung Stick &amp;ndash; a Bluetooth microphone that can be carried in a pocket like a pen and sound dock with powered subwoofer.&lt;/p&gt;\r\n\r\n&lt;p&gt;Samsung Galaxy Tab 10.1 will come in 16GB / 32GB / 64GB verities and pre-loaded with Social Hub, Reader&amp;rsquo;s Hub, Music Hub and Samsung Mini Apps Tray &amp;ndash; which gives you access to more commonly used apps to help ease multitasking and it is capable of Adobe Flash Player 10.2, powered by 6860mAh battery that gives you 10hours of video-playback time.&amp;nbsp;&amp;auml;&amp;ouml;&lt;/p&gt;\r\n' in F:\publish\YobeShopv20\system\library\db\mysqli.php on line 40
2015-02-15 12:22:38 - PHP Notice:  Error: Unknown column 'specification' in 'field list'<br />Error No: 1054<br />INSERT INTO product_description SET product_id = '49', language_id = '2', name = 'Samsung Galaxy Tab 10.1', description = '&lt;p&gt;Samsung Galaxy Tab 10.1, is the world&amp;rsquo;s thinnest tablet, measuring 8.6 mm thickness, running with Android 3.0 Honeycomb OS on a 1GHz dual-core Tegra 2 processor, similar to its younger brother Samsung Galaxy Tab 8.9.&lt;/p&gt;\r\n\r\n&lt;p&gt;Samsung Galaxy Tab 10.1 gives pure Android 3.0 experience, adding its new TouchWiz UX or TouchWiz 4.0 &amp;ndash; includes a live panel, which lets you to customize with different content, such as your pictures, bookmarks, and social feeds, sporting a 10.1 inches WXGA capacitive touch screen with 1280 x 800 pixels of resolution, equipped with 3 megapixel rear camera with LED flash and a 2 megapixel front camera, HSPA+ connectivity up to 21Mbps, 720p HD video recording capability, 1080p HD playback, DLNA support, Bluetooth 2.1, USB 2.0, gyroscope, Wi-Fi 802.11 a/b/g/n, micro-SD slot, 3.5mm headphone jack, and SIM slot, including the Samsung Stick &amp;ndash; a Bluetooth microphone that can be carried in a pocket like a pen and sound dock with powered subwoofer.&lt;/p&gt;\r\n\r\n&lt;p&gt;Samsung Galaxy Tab 10.1 will come in 16GB / 32GB / 64GB verities and pre-loaded with Social Hub, Reader&amp;rsquo;s Hub, Music Hub and Samsung Mini Apps Tray &amp;ndash; which gives you access to more commonly used apps to help ease multitasking and it is capable of Adobe Flash Player 10.2, powered by 6860mAh battery that gives you 10hours of video-playback time.&amp;nbsp;&amp;auml;&amp;ouml;&lt;/p&gt;\r\n', tag = '', meta_title = 'MaxClone Y220', meta_description = '', meta_keyword = '', specification = '' in F:\publish\YobeShopv20\system\library\db\mysqli.php on line 40
2015-02-15 12:22:38 - PHP Warning:  Cannot modify header information - headers already sent by (output started at F:\publish\YobeShopv20\admin\index.php:80) in F:\publish\YobeShopv20\system\modification\system\library\response.php on line 12
2015-02-16 12:08:29 - PHP Warning:  imagettfbbox(): Could not find/open font in F:\publish\YobeShopv20\system\journal2\classes\journal2_utils.php on line 379
2015-02-16 12:08:29 - PHP Warning:  imagettftext(): Could not find/open font in F:\publish\YobeShopv20\system\journal2\classes\journal2_utils.php on line 395
2015-02-16 12:10:38 - PHP Notice:  Undefined index: specification in F:\publish\YobeShopv20\system\modification\admin\model\catalog\product.php on line 489
2015-02-16 12:10:38 - PHP Notice:  Undefined index: specification in F:\publish\YobeShopv20\system\modification\admin\model\catalog\product.php on line 489
2015-02-16 12:35:06 - PHP Notice:  Undefined index: specification in F:\publish\YobeShopv20\system\modification\admin\model\catalog\product.php on line 489
2015-02-16 12:35:06 - PHP Notice:  Undefined index: specification in F:\publish\YobeShopv20\system\modification\admin\model\catalog\product.php on line 489
2015-02-16 12:36:30 - PHP Notice:  Undefined index: specification in F:\publish\YobeShopv20\system\modification\admin\model\catalog\product.php on line 489
2015-02-16 12:36:30 - PHP Notice:  Undefined index: specification in F:\publish\YobeShopv20\system\modification\admin\model\catalog\product.php on line 489
2015-02-16 12:39:45 - PHP Notice:  Undefined index: specification in F:\publish\YobeShopv20\system\modification\admin\view\template\catalog\product_form.tpl on line 79
2015-02-16 12:39:45 - PHP Notice:  Undefined index: specification in F:\publish\YobeShopv20\system\modification\admin\view\template\catalog\product_form.tpl on line 79
